[  0%] Built target std_srvs_generate_messages_py
[  0%] Built target std_msgs_generate_messages_cpp
[  0%] Built target _record_ros_generate_messages_check_deps_String_cmd
[  0%] Built target rosgraph_msgs_generate_messages_eus
[  0%] Built target topic_tools_generate_messages_eus
[  0%] Built target roscpp_generate_messages_nodejs
[  0%] Built target std_msgs_generate_messages_eus
[  0%] Built target topic_tools_generate_messages_cpp
[  0%] Built target roscpp_generate_messages_cpp
[  0%] Built target topic_tools_generate_messages_py
[  0%] Built target roscpp_generate_messages_py
[  0%] Built target rosgraph_msgs_generate_messages_py
[  0%] Built target rosgraph_msgs_generate_messages_lisp
[  0%] Built target std_msgs_generate_messages_lisp
[  0%] Built target roscpp_generate_messages_lisp
[  0%] Built target roscpp_generate_messages_eus
[  0%] Built target topic_tools_generate_messages_nodejs
[  0%] Built target rosgraph_msgs_generate_messages_nodejs
[  0%] Built target topic_tools_generate_messages_lisp
[  0%] Built target std_srvs_generate_messages_cpp
[  0%] Built target std_msgs_generate_messages_nodejs
[  0%] Built target std_msgs_generate_messages_py
[  0%] Built target std_srvs_generate_messages_eus
[  0%] Built target std_srvs_generate_messages_lisp
[  0%] Built target std_srvs_generate_messages_nodejs
[  0%] Built target rosgraph_msgs_generate_messages_cpp
[ 20%] Built target record_ros_generate_messages_eus
[ 30%] Built target record_ros_generate_messages_nodejs
[ 40%] Built target record_ros_generate_messages_lisp
[ 60%] Built target record_ros_generate_messages_py
[ 70%] Built target record_ros_generate_messages_cpp
[ 70%] Built target record_ros_gencpp
[ 70%] Built target record_ros_generate_messages
[100%] Built target record_ros
