Linked: (/home/ubuntu/catkin_ws/devel/.private/record_ros/lib/pkgconfig/record_ros.pc, /home/ubuntu/catkin_ws/devel/lib/pkgconfig/record_ros.pc)
Linked: (/home/ubuntu/catkin_ws/devel/.private/record_ros/lib/record_ros/record_ros, /home/ubuntu/catkin_ws/devel/lib/record_ros/record_ros)
Linked: (/home/ubuntu/catkin_ws/devel/.private/record_ros/lib/python3/dist-packages/record_ros/__init__.py, /home/ubuntu/catkin_ws/devel/lib/python3/dist-packages/record_ros/__init__.py)
Linked: (/home/ubuntu/catkin_ws/devel/.private/record_ros/lib/python3/dist-packages/record_ros/srv/__init__.py, /home/ubuntu/catkin_ws/devel/lib/python3/dist-packages/record_ros/srv/__init__.py)
Linked: (/home/ubuntu/catkin_ws/devel/.private/record_ros/lib/python3/dist-packages/record_ros/srv/_String_cmd.py, /home/ubuntu/catkin_ws/devel/lib/python3/dist-packages/record_ros/srv/_String_cmd.py)
Linked: (/home/ubuntu/catkin_ws/devel/.private/record_ros/share/roseus/ros/record_ros/manifest.l, /home/ubuntu/catkin_ws/devel/share/roseus/ros/record_ros/manifest.l)
Linked: (/home/ubuntu/catkin_ws/devel/.private/record_ros/share/roseus/ros/record_ros/srv/String_cmd.l, /home/ubuntu/catkin_ws/devel/share/roseus/ros/record_ros/srv/String_cmd.l)
Linked: (/home/ubuntu/catkin_ws/devel/.private/record_ros/share/record_ros/cmake/record_rosConfig-version.cmake, /home/ubuntu/catkin_ws/devel/share/record_ros/cmake/record_rosConfig-version.cmake)
Linked: (/home/ubuntu/catkin_ws/devel/.private/record_ros/share/record_ros/cmake/record_ros-msg-extras.cmake, /home/ubuntu/catkin_ws/devel/share/record_ros/cmake/record_ros-msg-extras.cmake)
Linked: (/home/ubuntu/catkin_ws/devel/.private/record_ros/share/record_ros/cmake/record_rosConfig.cmake, /home/ubuntu/catkin_ws/devel/share/record_ros/cmake/record_rosConfig.cmake)
Linked: (/home/ubuntu/catkin_ws/devel/.private/record_ros/share/record_ros/cmake/record_ros-msg-paths.cmake, /home/ubuntu/catkin_ws/devel/share/record_ros/cmake/record_ros-msg-paths.cmake)
Linked: (/home/ubuntu/catkin_ws/devel/.private/record_ros/share/common-lisp/ros/record_ros/srv/record_ros-srv.asd, /home/ubuntu/catkin_ws/devel/share/common-lisp/ros/record_ros/srv/record_ros-srv.asd)
Linked: (/home/ubuntu/catkin_ws/devel/.private/record_ros/share/common-lisp/ros/record_ros/srv/_package_String_cmd.lisp, /home/ubuntu/catkin_ws/devel/share/common-lisp/ros/record_ros/srv/_package_String_cmd.lisp)
Linked: (/home/ubuntu/catkin_ws/devel/.private/record_ros/share/common-lisp/ros/record_ros/srv/String_cmd.lisp, /home/ubuntu/catkin_ws/devel/share/common-lisp/ros/record_ros/srv/String_cmd.lisp)
Linked: (/home/ubuntu/catkin_ws/devel/.private/record_ros/share/common-lisp/ros/record_ros/srv/_package.lisp, /home/ubuntu/catkin_ws/devel/share/common-lisp/ros/record_ros/srv/_package.lisp)
Linked: (/home/ubuntu/catkin_ws/devel/.private/record_ros/share/gennodejs/ros/record_ros/_index.js, /home/ubuntu/catkin_ws/devel/share/gennodejs/ros/record_ros/_index.js)
Linked: (/home/ubuntu/catkin_ws/devel/.private/record_ros/share/gennodejs/ros/record_ros/srv/_index.js, /home/ubuntu/catkin_ws/devel/share/gennodejs/ros/record_ros/srv/_index.js)
Linked: (/home/ubuntu/catkin_ws/devel/.private/record_ros/share/gennodejs/ros/record_ros/srv/String_cmd.js, /home/ubuntu/catkin_ws/devel/share/gennodejs/ros/record_ros/srv/String_cmd.js)
Linked: (/home/ubuntu/catkin_ws/devel/.private/record_ros/include/record_ros/String_cmdResponse.h, /home/ubuntu/catkin_ws/devel/include/record_ros/String_cmdResponse.h)
Linked: (/home/ubuntu/catkin_ws/devel/.private/record_ros/include/record_ros/String_cmd.h, /home/ubuntu/catkin_ws/devel/include/record_ros/String_cmd.h)
Linked: (/home/ubuntu/catkin_ws/devel/.private/record_ros/include/record_ros/String_cmdRequest.h, /home/ubuntu/catkin_ws/devel/include/record_ros/String_cmdRequest.h)
