[ 33%] [34m[1mGenerating dynamic reconfigure files from cfg/passive_ds_param.cfg: /home/ubuntu/catkin_ws/devel/.private/franka_ds_controller/include/franka_ds_controller/passive_ds_paramConfig.h /home/ubuntu/catkin_ws/devel/.private/franka_ds_controller/lib/python3/dist-packages/franka_ds_controller/cfg/passive_ds_paramConfig.py[0m
Generating reconfiguration files for passive_ds_param in franka_ds_controller
Wrote header file in /home/ubuntu/catkin_ws/devel/.private/franka_ds_controller/include/franka_ds_controller/passive_ds_paramConfig.h
[ 33%] Built target franka_ds_controller_gencfg
[ 33%] Built target control_msgs_generate_messages_nodejs
[ 33%] Built target dynamic_reconfigure_gencfg
[ 33%] Built target dynamic_reconfigure_generate_messages_nodejs
[ 33%] Built target dynamic_reconfigure_generate_messages_lisp
[ 33%] Built target dynamic_reconfigure_generate_messages_cpp
[ 33%] Built target trajectory_msgs_generate_messages_nodejs
[ 33%] Built target trajectory_msgs_generate_messages_lisp
[ 33%] Built target trajectory_msgs_generate_messages_cpp
[ 33%] Built target control_msgs_generate_messages_py
[ 33%] Built target actionlib_generate_messages_nodejs
[ 33%] Built target control_msgs_generate_messages_eus
[ 33%] Built target actionlib_msgs_generate_messages_cpp
[ 33%] Built target actionlib_msgs_generate_messages_py
[ 33%] Built target rosgraph_msgs_generate_messages_nodejs
[ 33%] Built target actionlib_generate_messages_cpp
[ 33%] Built target std_msgs_generate_messages_py
[ 33%] Built target std_msgs_generate_messages_nodejs
[ 33%] Built target geometry_msgs_generate_messages_eus
[ 33%] Built target std_msgs_generate_messages_cpp
[ 33%] Built target actionlib_generate_messages_lisp
[ 33%] Built target roscpp_generate_messages_lisp
[ 33%] Built target std_msgs_generate_messages_lisp
[ 33%] Built target std_srvs_generate_messages_cpp
[ 33%] Built target std_srvs_generate_messages_nodejs
[ 33%] Built target franka_gripper_generate_messages_lisp
[ 33%] Built target rosgraph_msgs_generate_messages_lisp
[ 33%] Built target rosgraph_msgs_generate_messages_py
[ 33%] Built target trajectory_msgs_generate_messages_eus
[ 33%] Built target roscpp_generate_messages_py
[ 33%] Built target roscpp_generate_messages_cpp
[ 33%] Built target roscpp_generate_messages_eus
[ 33%] Built target trajectory_msgs_generate_messages_py
[ 33%] Built target actionlib_generate_messages_eus
[ 33%] Built target rosgraph_msgs_generate_messages_cpp
[ 33%] Built target std_srvs_generate_messages_py
[ 33%] Built target rosgraph_msgs_generate_messages_eus
[ 33%] Built target actionlib_msgs_generate_messages_lisp
[ 33%] Built target std_msgs_generate_messages_eus
[ 33%] Built target actionlib_msgs_generate_messages_nodejs
[ 33%] Built target actionlib_generate_messages_py
[ 33%] Built target std_srvs_generate_messages_eus
[ 33%] Built target std_srvs_generate_messages_lisp
[ 33%] Built target franka_msgs_generate_messages_cpp
[ 33%] Built target franka_msgs_generate_messages_eus
[ 33%] Built target geometry_msgs_generate_messages_cpp
[ 33%] Built target roscpp_generate_messages_nodejs
[ 33%] Built target franka_gripper_generate_messages_nodejs
[ 33%] Built target franka_msgs_generate_messages_lisp
[ 33%] Built target franka_msgs_generate_messages_py
[ 33%] Built target sensor_msgs_generate_messages_cpp
[ 33%] Built target sensor_msgs_generate_messages_eus
[ 33%] Built target control_msgs_generate_messages_lisp
[ 33%] Built target sensor_msgs_generate_messages_lisp
[ 33%] Built target sensor_msgs_generate_messages_nodejs
[ 33%] Built target sensor_msgs_generate_messages_py
[ 33%] Built target geometry_msgs_generate_messages_py
[ 33%] Built target franka_gripper_generate_messages_cpp
[ 33%] Built target geometry_msgs_generate_messages_lisp
[ 33%] Built target dynamic_reconfigure_generate_messages_eus
[ 33%] Built target geometry_msgs_generate_messages_nodejs
[ 33%] Built target control_msgs_generate_messages_cpp
[ 33%] Built target franka_gripper_generate_messages_eus
[ 33%] Built target franka_msgs_generate_messages_nodejs
[ 33%] Built target franka_gripper_generate_messages_py
[ 33%] Built target dynamic_reconfigure_generate_messages_py
[ 33%] Built target actionlib_msgs_generate_messages_eus
[35m[1mScanning dependencies of target passive_ds_impedance_controller[0m
[ 66%] [32mBuilding CXX object CMakeFiles/passive_ds_impedance_controller.dir/src/passiveDS_impedance_controller.cpp.o[0m
In file included from [01m[K/home/ubuntu/catkin_ws/src/franka_ds_controller/src/passiveDS_impedance_controller.cpp:6[m[K:
[01m[K/home/ubuntu/catkin_ws/src/franka_ds_controller/include/franka_ds_controller/passiveDS_impedance_controller.h:24:10:[m[K [01;31m[Kfatal error: [m[Kfranka_interactive_controllers/passive_ds_paramConfig.h: No such file or directory
   24 | #include [01;31m[K<franka_interactive_controllers/passive_ds_paramConfig.h>[m[K
      |          [01;31m[K^~~~~~~~~~~~~~~~~~~~~~~~~~~~~~~~~~~~~~~~~~~~~~~~~~~~~~~~~[m[K
compilation terminated.
make[2]: *** [CMakeFiles/passive_ds_impedance_controller.dir/build.make:63: CMakeFiles/passive_ds_impedance_controller.dir/src/passiveDS_impedance_controller.cpp.o] Error 1
make[1]: *** [CMakeFiles/Makefile2:787: CMakeFiles/passive_ds_impedance_controller.dir/all] Error 2
make: *** [Makefile:141: all] Error 2
