[ 33%] Built target franka_ds_controller_gencfg
[ 33%] Built target control_msgs_generate_messages_nodejs
[ 33%] Built target dynamic_reconfigure_gencfg
[ 33%] Built target dynamic_reconfigure_generate_messages_nodejs
[ 33%] Built target dynamic_reconfigure_generate_messages_lisp
[ 33%] Built target dynamic_reconfigure_generate_messages_cpp
[ 33%] Built target trajectory_msgs_generate_messages_nodejs
[ 33%] Built target trajectory_msgs_generate_messages_lisp
[ 33%] Built target trajectory_msgs_generate_messages_cpp
[ 33%] Built target control_msgs_generate_messages_py
[ 33%] Built target actionlib_generate_messages_nodejs
[ 33%] Built target control_msgs_generate_messages_eus
[ 33%] Built target actionlib_msgs_generate_messages_cpp
[ 33%] Built target actionlib_msgs_generate_messages_py
[ 33%] Built target rosgraph_msgs_generate_messages_nodejs
[ 33%] Built target actionlib_generate_messages_cpp
[ 33%] Built target std_msgs_generate_messages_py
[ 33%] Built target std_msgs_generate_messages_nodejs
[ 33%] Built target geometry_msgs_generate_messages_eus
[ 33%] Built target std_msgs_generate_messages_cpp
[ 33%] Built target actionlib_generate_messages_lisp
[ 33%] Built target roscpp_generate_messages_lisp
[ 33%] Built target std_msgs_generate_messages_lisp
[ 33%] Built target std_srvs_generate_messages_cpp
[ 33%] Built target std_srvs_generate_messages_nodejs
[ 33%] Built target franka_gripper_generate_messages_lisp
[ 33%] Built target rosgraph_msgs_generate_messages_lisp
[ 33%] Built target rosgraph_msgs_generate_messages_py
[ 33%] Built target trajectory_msgs_generate_messages_eus
[ 33%] Built target roscpp_generate_messages_py
[ 33%] Built target roscpp_generate_messages_cpp
[ 33%] Built target roscpp_generate_messages_eus
[ 33%] Built target trajectory_msgs_generate_messages_py
[ 33%] Built target actionlib_generate_messages_eus
[ 33%] Built target rosgraph_msgs_generate_messages_cpp
[ 33%] Built target std_srvs_generate_messages_py
[ 33%] Built target rosgraph_msgs_generate_messages_eus
[ 33%] Built target actionlib_msgs_generate_messages_lisp
[ 33%] Built target std_msgs_generate_messages_eus
[ 33%] Built target actionlib_msgs_generate_messages_nodejs
[ 33%] Built target actionlib_generate_messages_py
[ 33%] Built target std_srvs_generate_messages_eus
[ 33%] Built target std_srvs_generate_messages_lisp
[ 33%] Built target franka_msgs_generate_messages_cpp
[ 33%] Built target franka_msgs_generate_messages_eus
[ 33%] Built target geometry_msgs_generate_messages_cpp
[ 33%] Built target roscpp_generate_messages_nodejs
[ 33%] Built target franka_gripper_generate_messages_nodejs
[ 33%] Built target franka_msgs_generate_messages_lisp
[ 33%] Built target franka_msgs_generate_messages_py
[ 33%] Built target sensor_msgs_generate_messages_cpp
[ 33%] Built target sensor_msgs_generate_messages_eus
[ 33%] Built target control_msgs_generate_messages_lisp
[ 33%] Built target sensor_msgs_generate_messages_lisp
[ 33%] Built target sensor_msgs_generate_messages_nodejs
[ 33%] Built target sensor_msgs_generate_messages_py
[ 33%] Built target geometry_msgs_generate_messages_py
[ 33%] Built target franka_gripper_generate_messages_cpp
[ 33%] Built target geometry_msgs_generate_messages_lisp
[ 33%] Built target dynamic_reconfigure_generate_messages_eus
[ 33%] Built target geometry_msgs_generate_messages_nodejs
[ 33%] Built target control_msgs_generate_messages_cpp
[ 33%] Built target franka_gripper_generate_messages_eus
[ 33%] Built target franka_msgs_generate_messages_nodejs
[ 33%] Built target franka_gripper_generate_messages_py
[ 33%] Built target dynamic_reconfigure_generate_messages_py
[ 33%] Built target actionlib_msgs_generate_messages_eus
[35m[1mScanning dependencies of target passive_ds_impedance_controller[0m
[ 66%] [32mBuilding CXX object CMakeFiles/passive_ds_impedance_controller.dir/src/passiveDS_impedance_controller.cpp.o[0m
In file included from [01m[K/home/ubuntu/catkin_ws/src/franka_ds_controller/src/passiveDS_impedance_controller.cpp:6[m[K:
[01m[K/home/ubuntu/catkin_ws/src/franka_ds_controller/include/franka_ds_controller/passiveDS_impedance_controller.h:19:10:[m[K [01;31m[Kfatal error: [m[KEigen/Dense: No such file or directory
   19 | #include [01;31m[K<Eigen/Dense>[m[K
      |          [01;31m[K^~~~~~~~~~~~~[m[K
compilation terminated.
make[2]: *** [CMakeFiles/passive_ds_impedance_controller.dir/build.make:63: CMakeFiles/passive_ds_impedance_controller.dir/src/passiveDS_impedance_controller.cpp.o] Error 1
make[1]: *** [CMakeFiles/Makefile2:787: CMakeFiles/passive_ds_impedance_controller.dir/all] Error 2
make: *** [Makefile:141: all] Error 2
