[  0%] Built target std_srvs_generate_messages_eus
[ 19%] Built target franka_interactive_controllers_gencfg
[ 19%] Built target franka_interactive_controllers_generate_messages_lisp
[ 19%] Built target tf2_msgs_generate_messages_nodejs
[ 19%] Built target tf2_msgs_generate_messages_lisp
[ 19%] Built target tf_generate_messages_nodejs
[ 19%] Built target tf_generate_messages_lisp
[ 19%] Built target franka_gripper_generate_messages_lisp
[ 19%] Built target franka_gripper_generate_messages_cpp
[ 19%] Built target tf2_msgs_generate_messages_eus
[ 19%] Built target sensor_msgs_generate_messages_py
[ 19%] Built target sensor_msgs_generate_messages_nodejs
[ 19%] Built target sensor_msgs_generate_messages_cpp
[ 22%] Built target franka_interactive_controllers_generate_messages_eus
[ 22%] Built target franka_interactive_controllers_generate_messages_cpp
[ 22%] Built target franka_gripper_generate_messages_py
[ 22%] Built target franka_msgs_generate_messages_nodejs
[ 22%] Built target franka_msgs_generate_messages_py
[ 22%] Built target franka_msgs_generate_messages_lisp
[ 22%] Built target franka_msgs_generate_messages_eus
[ 22%] Built target franka_msgs_generate_messages_cpp
[ 22%] Built target std_srvs_generate_messages_nodejs
[ 22%] Built target std_srvs_generate_messages_lisp
[ 22%] Built target franka_gripper_generate_messages_eus
[ 22%] Built target control_msgs_generate_messages_cpp
[ 22%] Built target franka_interactive_controllers_generate_messages_py
[ 22%] Built target control_toolbox_generate_messages_lisp
[ 22%] Built target control_toolbox_generate_messages_eus
[ 22%] Built target std_msgs_generate_messages_py
[ 22%] Built target std_msgs_generate_messages_nodejs
[ 22%] Built target geometry_msgs_generate_messages_eus
[ 22%] Built target control_toolbox_gencfg
[ 22%] Built target roscpp_generate_messages_cpp
[ 22%] Built target std_msgs_generate_messages_cpp
[ 22%] Built target rosgraph_msgs_generate_messages_nodejs
[ 22%] Built target actionlib_msgs_generate_messages_py
[ 22%] Built target actionlib_generate_messages_cpp
[ 22%] Built target control_toolbox_generate_messages_nodejs
[ 22%] Built target roscpp_generate_messages_lisp
[ 22%] Built target actionlib_generate_messages_lisp
[ 22%] Built target tf_generate_messages_cpp
[ 22%] Built target control_msgs_generate_messages_eus
[ 22%] Built target trajectory_msgs_generate_messages_nodejs
[ 22%] Built target actionlib_generate_messages_nodejs
[ 22%] Built target std_msgs_generate_messages_lisp
[ 22%] Built target std_srvs_generate_messages_cpp
[ 22%] Built target tf_generate_messages_eus
[ 22%] Built target rosgraph_msgs_generate_messages_lisp
[ 22%] Built target franka_interactive_controllers_generate_messages_nodejs
[ 22%] Built target rosgraph_msgs_generate_messages_py
[ 22%] Built target control_toolbox_generate_messages_cpp
[ 22%] Built target trajectory_msgs_generate_messages_eus
[ 22%] Built target roscpp_generate_messages_py
[ 22%] Built target roscpp_generate_messages_eus
[ 22%] Built target franka_gripper_generate_messages_nodejs
[ 22%] Built target roscpp_generate_messages_nodejs
[ 22%] Built target sensor_msgs_generate_messages_lisp
[ 22%] Built target sensor_msgs_generate_messages_eus
[ 22%] Built target control_msgs_generate_messages_lisp
[ 22%] Built target std_srvs_generate_messages_py
[ 22%] Built target rosgraph_msgs_generate_messages_eus
[ 22%] Built target dynamic_reconfigure_generate_messages_py
[ 22%] Built target actionlib_msgs_generate_messages_eus
[ 22%] Built target control_msgs_generate_messages_nodejs
[ 22%] Built target control_msgs_generate_messages_py
[ 22%] Built target geometry_msgs_generate_messages_cpp
[ 22%] Built target actionlib_msgs_generate_messages_cpp
[ 22%] Built target tf_generate_messages_py
[ 22%] Built target std_msgs_generate_messages_eus
[ 22%] Built target actionlib_msgs_generate_messages_lisp
[ 22%] Built target actionlib_msgs_generate_messages_nodejs
[ 22%] Built target control_toolbox_generate_messages_py
[ 22%] Built target trajectory_msgs_generate_messages_cpp
[ 22%] Built target actionlib_generate_messages_py
[ 22%] Built target geometry_msgs_generate_messages_lisp
[ 22%] Built target geometry_msgs_generate_messages_py
[ 22%] Built target trajectory_msgs_generate_messages_lisp
[ 22%] Built target rosgraph_msgs_generate_messages_cpp
[ 22%] Built target actionlib_generate_messages_eus
[ 22%] Built target trajectory_msgs_generate_messages_py
[ 22%] Built target dynamic_reconfigure_generate_messages_cpp
[ 22%] Built target geometry_msgs_generate_messages_nodejs
[ 22%] Built target dynamic_reconfigure_generate_messages_eus
[ 22%] Built target dynamic_reconfigure_gencfg
[ 22%] Built target tf2_msgs_generate_messages_cpp
[ 22%] Built target dynamic_reconfigure_generate_messages_lisp
[ 22%] Built target tf2_msgs_generate_messages_py
[ 22%] Built target dynamic_reconfigure_generate_messages_nodejs
[ 22%] Built target franka_interactive_controllers_generate_messages
[ 22%] Built target franka_interactive_controllers_gencpp
[35m[1mScanning dependencies of target franka_interactive_controllers[0m
[ 25%] [32mBuilding CXX object CMakeFiles/franka_interactive_controllers.dir/src/franka_cartesian_controllers/passiveDS_impedance_controller.cpp.o[0m
[01m[K/home/ubuntu/catkin_ws/src/franka_interactive_controllers/src/franka_cartesian_controllers/passiveDS_impedance_controller.cpp:5:10:[m[K [01;31m[Kfatal error: [m[Kfranka_ds_controller/passiveDS_impedance_controller.h: No such file or directory
    5 | #include [01;31m[K<franka_ds_controller/passiveDS_impedance_controller.h>[m[K
      |          [01;31m[K^~~~~~~~~~~~~~~~~~~~~~~~~~~~~~~~~~~~~~~~~~~~~~~~~~~~~~~[m[K
compilation terminated.
make[2]: *** [CMakeFiles/franka_interactive_controllers.dir/build.make:89: CMakeFiles/franka_interactive_controllers.dir/src/franka_cartesian_controllers/passiveDS_impedance_controller.cpp.o] Error 1
make[1]: *** [CMakeFiles/Makefile2:444: CMakeFiles/franka_interactive_controllers.dir/all] Error 2
make: *** [Makefile:141: all] Error 2
