[  0%] Built target std_srvs_generate_messages_eus
[ 19%] Built target franka_interactive_controllers_gencfg
[ 19%] Built target franka_interactive_controllers_generate_messages_lisp
[ 19%] Built target tf2_msgs_generate_messages_nodejs
[ 19%] Built target tf2_msgs_generate_messages_lisp
[ 19%] Built target tf_generate_messages_nodejs
[ 19%] Built target tf_generate_messages_lisp
[ 19%] Built target franka_gripper_generate_messages_lisp
[ 19%] Built target franka_gripper_generate_messages_cpp
[ 19%] Built target tf2_msgs_generate_messages_eus
[ 19%] Built target sensor_msgs_generate_messages_py
[ 19%] Built target sensor_msgs_generate_messages_nodejs
[ 19%] Built target sensor_msgs_generate_messages_cpp
[ 22%] Built target franka_interactive_controllers_generate_messages_eus
[ 22%] Built target franka_interactive_controllers_generate_messages_cpp
[ 22%] Built target franka_gripper_generate_messages_py
[ 22%] Built target franka_msgs_generate_messages_nodejs
[ 22%] Built target franka_msgs_generate_messages_py
[ 22%] Built target franka_msgs_generate_messages_lisp
[ 22%] Built target franka_msgs_generate_messages_eus
[ 22%] Built target franka_msgs_generate_messages_cpp
[ 22%] Built target std_srvs_generate_messages_nodejs
[ 22%] Built target std_srvs_generate_messages_lisp
[ 22%] Built target franka_gripper_generate_messages_eus
[ 22%] Built target control_msgs_generate_messages_cpp
[ 22%] Built target franka_interactive_controllers_generate_messages_py
[ 22%] Built target control_toolbox_generate_messages_lisp
[ 22%] Built target control_toolbox_generate_messages_eus
[ 22%] Built target std_msgs_generate_messages_py
[ 22%] Built target std_msgs_generate_messages_nodejs
[ 22%] Built target geometry_msgs_generate_messages_eus
[ 22%] Built target control_toolbox_gencfg
[ 22%] Built target roscpp_generate_messages_cpp
[ 22%] Built target std_msgs_generate_messages_cpp
[ 22%] Built target rosgraph_msgs_generate_messages_nodejs
[ 22%] Built target actionlib_msgs_generate_messages_py
[ 22%] Built target actionlib_generate_messages_cpp
[ 22%] Built target control_toolbox_generate_messages_nodejs
[ 22%] Built target roscpp_generate_messages_lisp
[ 22%] Built target actionlib_generate_messages_lisp
[ 22%] Built target tf_generate_messages_cpp
[ 22%] Built target control_msgs_generate_messages_eus
[ 22%] Built target trajectory_msgs_generate_messages_nodejs
[ 22%] Built target actionlib_generate_messages_nodejs
[ 22%] Built target std_msgs_generate_messages_lisp
[ 22%] Built target std_srvs_generate_messages_cpp
[ 22%] Built target tf_generate_messages_eus
[ 22%] Built target rosgraph_msgs_generate_messages_lisp
[ 22%] Built target franka_interactive_controllers_generate_messages_nodejs
[ 22%] Built target rosgraph_msgs_generate_messages_py
[ 22%] Built target control_toolbox_generate_messages_cpp
[ 22%] Built target trajectory_msgs_generate_messages_eus
[ 22%] Built target roscpp_generate_messages_py
[ 22%] Built target roscpp_generate_messages_eus
[ 22%] Built target franka_gripper_generate_messages_nodejs
[ 22%] Built target roscpp_generate_messages_nodejs
[ 22%] Built target sensor_msgs_generate_messages_lisp
[ 22%] Built target sensor_msgs_generate_messages_eus
[ 22%] Built target control_msgs_generate_messages_lisp
[ 22%] Built target std_srvs_generate_messages_py
[ 22%] Built target rosgraph_msgs_generate_messages_eus
[ 22%] Built target dynamic_reconfigure_generate_messages_py
[ 22%] Built target actionlib_msgs_generate_messages_eus
[ 22%] Built target control_msgs_generate_messages_nodejs
[ 22%] Built target control_msgs_generate_messages_py
[ 22%] Built target geometry_msgs_generate_messages_cpp
[ 22%] Built target actionlib_msgs_generate_messages_cpp
[ 22%] Built target tf_generate_messages_py
[ 22%] Built target std_msgs_generate_messages_eus
[ 22%] Built target actionlib_msgs_generate_messages_lisp
[ 22%] Built target actionlib_msgs_generate_messages_nodejs
[ 22%] Built target control_toolbox_generate_messages_py
[ 22%] Built target trajectory_msgs_generate_messages_cpp
[ 22%] Built target actionlib_generate_messages_py
[ 22%] Built target geometry_msgs_generate_messages_lisp
[ 22%] Built target geometry_msgs_generate_messages_py
[ 22%] Built target trajectory_msgs_generate_messages_lisp
[ 22%] Built target rosgraph_msgs_generate_messages_cpp
[ 22%] Built target actionlib_generate_messages_eus
[ 22%] Built target trajectory_msgs_generate_messages_py
[ 22%] Built target dynamic_reconfigure_generate_messages_cpp
[ 22%] Built target geometry_msgs_generate_messages_nodejs
[ 22%] Built target dynamic_reconfigure_generate_messages_eus
[ 22%] Built target dynamic_reconfigure_gencfg
[ 22%] Built target tf2_msgs_generate_messages_cpp
[ 22%] Built target dynamic_reconfigure_generate_messages_lisp
[ 22%] Built target tf2_msgs_generate_messages_py
[ 22%] Built target dynamic_reconfigure_generate_messages_nodejs
[ 22%] Built target franka_interactive_controllers_generate_messages
[ 22%] Built target franka_interactive_controllers_gencpp
[35m[1mScanning dependencies of target franka_interactive_controllers[0m
[ 25%] [32mBuilding CXX object CMakeFiles/franka_interactive_controllers.dir/src/franka_cartesian_controllers/passiveDS_impedance_controller.cpp.o[0m
[ 29%] [32m[1mLinking CXX shared library /home/ubuntu/catkin_ws/devel/.private/franka_interactive_controllers/lib/libfranka_interactive_controllers.so[0m
[ 61%] Built target franka_interactive_controllers
[ 67%] [32m[1mLinking CXX executable /home/ubuntu/catkin_ws/devel/.private/franka_interactive_controllers/lib/franka_interactive_controllers/libfranka_joint_goal_motion_generator_mit[0m
[ 67%] [32m[1mLinking CXX executable /home/ubuntu/catkin_ws/devel/.private/franka_interactive_controllers/lib/franka_interactive_controllers/libfranka_joint_goal_motion_generator[0m
[ 70%] Built target libfranka_joint_goal_motion_generator_mit
[ 74%] Built target libfranka_joint_goal_motion_generator
[ 77%] [32m[1mLinking CXX executable /home/ubuntu/catkin_ws/devel/.private/franka_interactive_controllers/lib/franka_interactive_controllers/franka_joint_goal_motion_generator_node[0m
[ 80%] [32m[1mLinking CXX executable /home/ubuntu/catkin_ws/devel/.private/franka_interactive_controllers/lib/franka_interactive_controllers/franka_gripper_run_node[0m
[ 87%] Built target franka_gripper_run_node
[ 87%] Built target franka_joint_goal_motion_generator_node
[ 90%] [32m[1mLinking CXX executable /home/ubuntu/catkin_ws/devel/.private/franka_interactive_controllers/lib/franka_interactive_controllers/libfranka_gripper_run[0m
[ 93%] [32m[1mLinking CXX executable /home/ubuntu/catkin_ws/devel/.private/franka_interactive_controllers/lib/franka_interactive_controllers/libfranka_joint_goal_motion_generator_rss[0m
[ 96%] Built target libfranka_gripper_run
[100%] Built target libfranka_joint_goal_motion_generator_rss
