[  0%] Built target std_srvs_generate_messages_eus
[ 19%] Built target franka_interactive_controllers_gencfg
[ 19%] Built target franka_interactive_controllers_generate_messages_lisp
[ 19%] Built target tf2_msgs_generate_messages_nodejs
[ 19%] Built target tf2_msgs_generate_messages_lisp
[ 19%] Built target tf_generate_messages_nodejs
[ 19%] Built target tf_generate_messages_lisp
[ 19%] Built target franka_gripper_generate_messages_lisp
[ 19%] Built target franka_gripper_generate_messages_cpp
[ 19%] Built target tf2_msgs_generate_messages_eus
[ 19%] Built target sensor_msgs_generate_messages_py
[ 19%] Built target sensor_msgs_generate_messages_nodejs
[ 19%] Built target sensor_msgs_generate_messages_cpp
[ 22%] Built target franka_interactive_controllers_generate_messages_eus
[ 22%] Built target franka_interactive_controllers_generate_messages_cpp
[ 22%] Built target franka_gripper_generate_messages_py
[ 22%] Built target franka_msgs_generate_messages_nodejs
[ 22%] Built target franka_msgs_generate_messages_py
[ 22%] Built target franka_msgs_generate_messages_lisp
[ 22%] Built target franka_msgs_generate_messages_eus
[ 22%] Built target franka_msgs_generate_messages_cpp
[ 22%] Built target std_srvs_generate_messages_nodejs
[ 22%] Built target std_srvs_generate_messages_lisp
[ 22%] Built target franka_gripper_generate_messages_eus
[ 22%] Built target control_msgs_generate_messages_cpp
[ 22%] Built target franka_interactive_controllers_generate_messages_py
[ 22%] Built target control_toolbox_generate_messages_lisp
[ 22%] Built target control_toolbox_generate_messages_eus
[ 22%] Built target std_msgs_generate_messages_py
[ 22%] Built target std_msgs_generate_messages_nodejs
[ 22%] Built target geometry_msgs_generate_messages_eus
[ 22%] Built target control_toolbox_gencfg
[ 22%] Built target roscpp_generate_messages_cpp
[ 22%] Built target std_msgs_generate_messages_cpp
[ 22%] Built target rosgraph_msgs_generate_messages_nodejs
[ 22%] Built target actionlib_msgs_generate_messages_py
[ 22%] Built target actionlib_generate_messages_cpp
[ 22%] Built target control_toolbox_generate_messages_nodejs
[ 22%] Built target roscpp_generate_messages_lisp
[ 22%] Built target actionlib_generate_messages_lisp
[ 22%] Built target tf_generate_messages_cpp
[ 22%] Built target control_msgs_generate_messages_eus
[ 22%] Built target trajectory_msgs_generate_messages_nodejs
[ 22%] Built target actionlib_generate_messages_nodejs
[ 22%] Built target std_msgs_generate_messages_lisp
[ 22%] Built target std_srvs_generate_messages_cpp
[ 22%] Built target tf_generate_messages_eus
[ 22%] Built target rosgraph_msgs_generate_messages_lisp
[ 22%] Built target franka_interactive_controllers_generate_messages_nodejs
[ 22%] Built target rosgraph_msgs_generate_messages_py
[ 22%] Built target control_toolbox_generate_messages_cpp
[ 22%] Built target trajectory_msgs_generate_messages_eus
[ 22%] Built target roscpp_generate_messages_py
[ 22%] Built target roscpp_generate_messages_eus
[ 22%] Built target franka_gripper_generate_messages_nodejs
[ 22%] Built target roscpp_generate_messages_nodejs
[ 22%] Built target sensor_msgs_generate_messages_lisp
[ 22%] Built target sensor_msgs_generate_messages_eus
[ 22%] Built target control_msgs_generate_messages_lisp
[ 22%] Built target std_srvs_generate_messages_py
[ 22%] Built target rosgraph_msgs_generate_messages_eus
[ 22%] Built target dynamic_reconfigure_generate_messages_py
[ 22%] Built target actionlib_msgs_generate_messages_eus
[ 22%] Built target control_msgs_generate_messages_nodejs
[ 22%] Built target control_msgs_generate_messages_py
[ 22%] Built target geometry_msgs_generate_messages_cpp
[ 22%] Built target actionlib_msgs_generate_messages_cpp
[ 22%] Built target tf_generate_messages_py
[ 22%] Built target std_msgs_generate_messages_eus
[ 22%] Built target actionlib_msgs_generate_messages_lisp
[ 22%] Built target actionlib_msgs_generate_messages_nodejs
[ 22%] Built target control_toolbox_generate_messages_py
[ 22%] Built target trajectory_msgs_generate_messages_cpp
[ 22%] Built target actionlib_generate_messages_py
[ 22%] Built target geometry_msgs_generate_messages_lisp
[ 22%] Built target geometry_msgs_generate_messages_py
[ 22%] Built target trajectory_msgs_generate_messages_lisp
[ 22%] Built target rosgraph_msgs_generate_messages_cpp
[ 22%] Built target actionlib_generate_messages_eus
[ 22%] Built target trajectory_msgs_generate_messages_py
[ 22%] Built target dynamic_reconfigure_generate_messages_cpp
[ 22%] Built target geometry_msgs_generate_messages_nodejs
[ 22%] Built target dynamic_reconfigure_generate_messages_eus
[ 22%] Built target dynamic_reconfigure_gencfg
[ 22%] Built target tf2_msgs_generate_messages_cpp
[ 22%] Built target dynamic_reconfigure_generate_messages_lisp
[ 22%] Built target tf2_msgs_generate_messages_py
[ 22%] Built target dynamic_reconfigure_generate_messages_nodejs
[ 22%] Built target franka_interactive_controllers_generate_messages
[ 22%] Built target franka_interactive_controllers_gencpp
[ 61%] Built target franka_interactive_controllers
[ 74%] Built target libfranka_joint_goal_motion_generator
[ 74%] Built target libfranka_joint_goal_motion_generator_mit
[ 80%] Built target franka_gripper_run_node
[ 87%] Built target franka_joint_goal_motion_generator_node
[ 93%] Built target libfranka_gripper_run
[100%] Built target libfranka_joint_goal_motion_generator_rss
